<?xml version="1.0" encoding="UTF-8" ?>
<testsuite errors="0" failures="0" hostname="nn81-tosh" name="trigger.TestTriggerGPL2" tests="1" time="0.382" timestamp="2014-04-06T11:20:39">
  <properties>
[...]
</properties>
  <testcase classname="trigger.TestTriggerGPL2" name="findGPLv2" time="0.292" />
  <system-out><![CDATA[2014/04/06 13:20:39 [COMPLETED] Added trigger: Apache.java
2014/04/06 13:20:39 [COMPLETED] Added trigger: BSD3ClauseClear.java
2014/04/06 13:20:39 [COMPLETED] Added trigger: CopyrightAdblockPlus.java
2014/04/06 13:20:39 [COMPLETED] Added trigger: GPLv1.java
2014/04/06 13:20:39 [COMPLETED] Added trigger: GPLv2.java
2014/04/06 13:20:40 [COMPLETED] Added trigger: GPLv3.java
2014/04/06 13:20:40 [COMPLETED] Added trigger: LGPL.java
2014/04/06 13:20:40 [COMPLETED] Added trigger: MIT.java
2014/04/06 13:20:40 [COMPLETED] Added trigger: PublicDomain.java
2014/04/06 13:20:40 [COMPLETED] Added trigger: SPLv1.java
]]></system-out>
  <system-err><![CDATA[]]></system-err>
</testsuite>
