<?xml version="1.0" encoding="UTF-8" ?>
<testsuite errors="0" failures="0" hostname="nn81-tosh" name="trigger.TestTriggerCopyright" tests="1" time="0.07" timestamp="2014-04-09T14:51:07">
  <properties>
[...]
</properties>
  <testcase classname="trigger.TestTriggerCopyright" name="findCopyright" time="0.0" />
  <system-out><![CDATA[found: 1 : Copyright (C) 1989, 1991 Free Software Foundation, Inc.
found: 2 : Copyright (C) 2006-2014 Eyeo GmbH
found: 3 : Copyright (c) 2012 the authors listed at the following URL, and/or
found: 4 : Copyright (c) 1998-2004 Sun Microsystems, Inc.
found: 5 : Copyright 2011 the V8 project authors. All rights reserved.
found: 6 : (C) Copyright 2000-2013, by Object Refinery Limited and Contributors.
found: 7 : Copyright (C) 2003 by Tito Ragusa <farmatito@tiscali.it>
found: 8 : Copyright (C) 1999-2004 by Erik Andersen <andersen@codepoet.org> 
found: 9 : Copyright (C) 2002 Roman Zippel <zippel@linux-m68k.org>
found: 10 : Copyright (C) 1993, 1994  Remy Card <card@masi.ibp.fr>
found: 11 : Copyright Joern Engel <joern@wh.fh-wedel.de>
]]></system-out>
  <system-err><![CDATA[]]></system-err>
</testsuite>
