# JRE version: Java(TM) SE Runtime Environment (7.0_55-b13) (build 1.7.0_55-b13)
# Java VM: Java HotSpot(TM) 64-Bit Server VM (24.55-b03 mixed mode linux-amd64 compressed oops)
Heap
 PSYoungGen      total 145920K, used 106241K [0x00000000d7200000, 0x00000000e7400000, 0x0000000100000000)
  eden space 121344K, 67% used [0x00000000d7200000,0x00000000dc1c20b8,0x00000000de880000)
  from space 24576K, 99% used [0x00000000de880000,0x00000000e007e520,0x00000000e0080000)
  to   space 34816K, 0% used [0x00000000e5200000,0x00000000e5200000,0x00000000e7400000)
 ParOldGen       total 83456K, used 35205K [0x0000000085600000, 0x000000008a780000, 0x00000000d7200000)
  object space 83456K, 42% used [0x0000000085600000,0x00000000878614c0,0x000000008a780000)
 PSPermGen       total 21504K, used 11191K [0x0000000080400000, 0x0000000081900000, 0x0000000085600000)
  object space 21504K, 52% used [0x0000000080400000,0x0000000080eedc90,0x0000000081900000)
GC Heap History (10 events):
Event: 2,551 GC heap before
{Heap before GC invocations=5 (full 0):
 PSYoungGen      total 36864K, used 36864K [0x00000000d7200000, 0x00000000dba00000, 0x0000000100000000)
  eden space 31744K, 100% used [0x00000000d7200000,0x00000000d9100000,0x00000000d9100000)
  from space 5120K, 100% used [0x00000000d9600000,0x00000000d9b00000,0x00000000d9b00000)
  to   space 5120K, 0% used [0x00000000d9100000,0x00000000d9100000,0x00000000d9600000)
 ParOldGen       total 83456K, used 4664K [0x0000000085600000, 0x000000008a780000, 0x00000000d7200000)
  object space 83456K, 5% used [0x0000000085600000,0x0000000085a8e000,0x000000008a780000)
 PSPermGen       total 21504K, used 11138K [0x0000000080400000, 0x0000000081900000, 0x0000000085600000)
  object space 21504K, 51% used [0x0000000080400000,0x0000000080ee0850,0x0000000081900000)
Event: 2,560 GC heap after
Heap after GC invocations=5 (full 0):
 PSYoungGen      total 36864K, used 5108K [0x00000000d7200000, 0x00000000dca00000, 0x0000000100000000)
  eden space 31744K, 0% used [0x00000000d7200000,0x00000000d7200000,0x00000000d9100000)
  from space 5120K, 99% used [0x00000000d9100000,0x00000000d95fd2a8,0x00000000d9600000)
  to   space 13312K, 0% used [0x00000000dbd00000,0x00000000dbd00000,0x00000000dca00000)
 ParOldGen       total 83456K, used 9932K [0x0000000085600000, 0x000000008a780000, 0x00000000d7200000)
  object space 83456K, 11% used [0x0000000085600000,0x0000000085fb3010,0x000000008a780000)
 PSPermGen       total 21504K, used 11138K [0x0000000080400000, 0x0000000081900000, 0x0000000085600000)
  object space 21504K, 51% used [0x0000000080400000,0x0000000080ee0850,0x0000000081900000)
}
Event: 2,609 GC heap before
{Heap before GC invocations=6 (full 0):
 PSYoungGen      total 36864K, used 36852K [0x00000000d7200000, 0x00000000dca00000, 0x0000000100000000)
  eden space 31744K, 100% used [0x00000000d7200000,0x00000000d9100000,0x00000000d9100000)
  from space 5120K, 99% used [0x00000000d9100000,0x00000000d95fd2a8,0x00000000d9600000)
  to   space 13312K, 0% used [0x00000000dbd00000,0x00000000dbd00000,0x00000000dca00000)
 ParOldGen       total 83456K, used 9932K [0x0000000085600000, 0x000000008a780000, 0x00000000d7200000)
  object space 83456K, 11% used [0x0000000085600000,0x0000000085fb3010,0x000000008a780000)
 PSPermGen       total 21504K, used 11138K [0x0000000080400000, 0x0000000081900000, 0x0000000085600000)
  object space 21504K, 51% used [0x0000000080400000,0x0000000080ee0850,0x0000000081900000)
Event: 2,621 GC heap after
Heap after GC invocations=6 (full 0):
 PSYoungGen      total 75776K, used 10182K [0x00000000d7200000, 0x00000000dcc00000, 0x0000000100000000)
  eden space 62464K, 0% used [0x00000000d7200000,0x00000000d7200000,0x00000000daf00000)
  from space 13312K, 76% used [0x00000000dbd00000,0x00000000dc6f1bb8,0x00000000dca00000)
  to   space 14336K, 0% used [0x00000000daf00000,0x00000000daf00000,0x00000000dbd00000)
 ParOldGen       total 83456K, used 9940K [0x0000000085600000, 0x000000008a780000, 0x00000000d7200000)
  object space 83456K, 11% used [0x0000000085600000,0x0000000085fb5010,0x000000008a780000)
 PSPermGen       total 21504K, used 11138K [0x0000000080400000, 0x0000000081900000, 0x0000000085600000)
  object space 21504K, 51% used [0x0000000080400000,0x0000000080ee0850,0x0000000081900000)
}
Event: 2,724 GC heap before
{Heap before GC invocations=7 (full 0):
 PSYoungGen      total 75776K, used 72646K [0x00000000d7200000, 0x00000000dcc00000, 0x0000000100000000)
  eden space 62464K, 100% used [0x00000000d7200000,0x00000000daf00000,0x00000000daf00000)
  from space 13312K, 76% used [0x00000000dbd00000,0x00000000dc6f1bb8,0x00000000dca00000)
  to   space 14336K, 0% used [0x00000000daf00000,0x00000000daf00000,0x00000000dbd00000)
 ParOldGen       total 83456K, used 9940K [0x0000000085600000, 0x000000008a780000, 0x00000000d7200000)
  object space 83456K, 11% used [0x0000000085600000,0x0000000085fb5010,0x000000008a780000)
 PSPermGen       total 21504K, used 11138K [0x0000000080400000, 0x0000000081900000, 0x0000000085600000)
  object space 21504K, 51% used [0x0000000080400000,0x0000000080ee0bc0,0x0000000081900000)
Event: 2,742 GC heap after
Heap after GC invocations=7 (full 0):
 PSYoungGen      total 76800K, used 14322K [0x00000000d7200000, 0x00000000e1500000, 0x0000000100000000)
  eden space 62464K, 0% used [0x00000000d7200000,0x00000000d7200000,0x00000000daf00000)
  from space 14336K, 99% used [0x00000000daf00000,0x00000000dbcfc970,0x00000000dbd00000)
  to   space 20992K, 0% used [0x00000000e0080000,0x00000000e0080000,0x00000000e1500000)
 ParOldGen       total 83456K, used 16896K [0x0000000085600000, 0x000000008a780000, 0x00000000d7200000)
  object space 83456K, 20% used [0x0000000085600000,0x0000000086680090,0x000000008a780000)
 PSPermGen       total 21504K, used 11138K [0x0000000080400000, 0x0000000081900000, 0x0000000085600000)
  object space 21504K, 51% used [0x0000000080400000,0x0000000080ee0bc0,0x0000000081900000)
}
Event: 2,819 GC heap before
{Heap before GC invocations=8 (full 0):
 PSYoungGen      total 76800K, used 76786K [0x00000000d7200000, 0x00000000e1500000, 0x0000000100000000)
  eden space 62464K, 100% used [0x00000000d7200000,0x00000000daf00000,0x00000000daf00000)
  from space 14336K, 99% used [0x00000000daf00000,0x00000000dbcfc970,0x00000000dbd00000)
  to   space 20992K, 0% used [0x00000000e0080000,0x00000000e0080000,0x00000000e1500000)
 ParOldGen       total 83456K, used 16896K [0x0000000085600000, 0x000000008a780000, 0x00000000d7200000)
  object space 83456K, 20% used [0x0000000085600000,0x0000000086680090,0x000000008a780000)
 PSPermGen       total 21504K, used 11138K [0x0000000080400000, 0x0000000081900000, 0x0000000085600000)
  object space 21504K, 51% used [0x0000000080400000,0x0000000080ee0bc0,0x0000000081900000)
Event: 2,838 GC heap after
Heap after GC invocations=8 (full 0):
 PSYoungGen      total 142336K, used 20667K [0x00000000d7200000, 0x00000000e1c00000, 0x0000000100000000)
  eden space 121344K, 0% used [0x00000000d7200000,0x00000000d7200000,0x00000000de880000)
  from space 20992K, 98% used [0x00000000e0080000,0x00000000e14aee18,0x00000000e1500000)
  to   space 24576K, 0% used [0x00000000de880000,0x00000000de880000,0x00000000e0080000)
 ParOldGen       total 83456K, used 20181K [0x0000000085600000, 0x000000008a780000, 0x00000000d7200000)
  object space 83456K, 24% used [0x0000000085600000,0x00000000869b54c0,0x000000008a780000)
 PSPermGen       total 21504K, used 11138K [0x0000000080400000, 0x0000000081900000, 0x0000000085600000)
  object space 21504K, 51% used [0x0000000080400000,0x0000000080ee0bc0,0x0000000081900000)
}
Event: 3,006 GC heap before
{Heap before GC invocations=9 (full 0):
 PSYoungGen      total 142336K, used 142011K [0x00000000d7200000, 0x00000000e1c00000, 0x0000000100000000)
  eden space 121344K, 100% used [0x00000000d7200000,0x00000000de880000,0x00000000de880000)
  from space 20992K, 98% used [0x00000000e0080000,0x00000000e14aee18,0x00000000e1500000)
  to   space 24576K, 0% used [0x00000000de880000,0x00000000de880000,0x00000000e0080000)
 ParOldGen       total 83456K, used 20181K [0x0000000085600000, 0x000000008a780000, 0x00000000d7200000)
  object space 83456K, 24% used [0x0000000085600000,0x00000000869b54c0,0x000000008a780000)
 PSPermGen       total 21504K, used 11145K [0x0000000080400000, 0x0000000081900000, 0x0000000085600000)
  object space 21504K, 51% used [0x0000000080400000,0x0000000080ee2438,0x0000000081900000)
Event: 3,034 GC heap after
Heap after GC invocations=9 (full 0):
 PSYoungGen      total 145920K, used 24569K [0x00000000d7200000, 0x00000000e7400000, 0x0000000100000000)
  eden space 121344K, 0% used [0x00000000d7200000,0x00000000d7200000,0x00000000de880000)
  from space 24576K, 99% used [0x00000000de880000,0x00000000e007e520,0x00000000e0080000)
  to   space 34816K, 0% used [0x00000000e5200000,0x00000000e5200000,0x00000000e7400000)
 ParOldGen       total 83456K, used 35205K [0x0000000085600000, 0x000000008a780000, 0x00000000d7200000)
  object space 83456K, 42% used [0x0000000085600000,0x00000000878614c0,0x000000008a780000)
 PSPermGen       total 21504K, used 11145K [0x0000000080400000, 0x0000000081900000, 0x0000000085600000)
  object space 21504K, 51% used [0x0000000080400000,0x0000000080ee2438,0x0000000081900000)
}

